  Inventory.cpp
C:\Users\zomon\Desktop\pps\PPS\PlatformerGame\Shape.h(9,16): warning C4200: nonstandard extension used: zero-sized array in struct/union
C:\Users\zomon\Desktop\pps\PPS\PlatformerGame\Shape.h(9,16): message : This member will be ignored by a defaulted constructor or copy/move assignment operator
  InventoryNode.cpp
C:\Users\zomon\Desktop\pps\PPS\PlatformerGame\Shape.h(9,16): warning C4200: nonstandard extension used: zero-sized array in struct/union
C:\Users\zomon\Desktop\pps\PPS\PlatformerGame\Shape.h(9,16): message : This member will be ignored by a defaulted constructor or copy/move assignment operator
  Item.cpp
C:\Users\zomon\Desktop\pps\PPS\PlatformerGame\Shape.h(9,16): warning C4200: nonstandard extension used: zero-sized array in struct/union
C:\Users\zomon\Desktop\pps\PPS\PlatformerGame\Shape.h(9,16): message : This member will be ignored by a defaulted constructor or copy/move assignment operator
  Line.cpp
C:\Users\zomon\Desktop\pps\PPS\PlatformerGame\Shape.h(9,16): warning C4200: nonstandard extension used: zero-sized array in struct/union
C:\Users\zomon\Desktop\pps\PPS\PlatformerGame\Shape.h(9,16): message : This member will be ignored by a defaulted constructor or copy/move assignment operator
C:\Users\zomon\Desktop\pps\PPS\PlatformerGame\Line.cpp(7,18): warning C4244: 'return': conversion from 'double' to 'float', possible loss of data
C:\Users\zomon\Desktop\pps\PPS\PlatformerGame\Line.cpp(12,18): warning C4244: 'return': conversion from 'double' to 'float', possible loss of data
C:\Users\zomon\Desktop\pps\PPS\PlatformerGame\Line.cpp(30,29): warning C4305: 'initializing': truncation from 'long double' to 'float'
C:\Users\zomon\Desktop\pps\PPS\PlatformerGame\Line.cpp(74,5): warning C4305: 'argument': truncation from 'const long double' to 'float'
C:\Users\zomon\Desktop\pps\PPS\PlatformerGame\Line.cpp(104,79): warning C4305: 'argument': truncation from 'const long double' to 'float'
C:\Users\zomon\Desktop\pps\PPS\PlatformerGame\Line.cpp(105,81): warning C4305: 'argument': truncation from 'const long double' to 'float'
C:\Users\zomon\Desktop\pps\PPS\PlatformerGame\Line.cpp(107,5): warning C4305: 'argument': truncation from 'const long double' to 'float'
  main.cpp
C:\Users\zomon\Desktop\pps\PPS\PlatformerGame\Shape.h(9,16): warning C4200: nonstandard extension used: zero-sized array in struct/union
C:\Users\zomon\Desktop\pps\PPS\PlatformerGame\Shape.h(9,16): message : This member will be ignored by a defaulted constructor or copy/move assignment operator
  Point.cpp
C:\Users\zomon\Desktop\pps\PPS\PlatformerGame\Shape.h(9,16): warning C4200: nonstandard extension used: zero-sized array in struct/union
C:\Users\zomon\Desktop\pps\PPS\PlatformerGame\Shape.h(9,16): message : This member will be ignored by a defaulted constructor or copy/move assignment operator
C:\Users\zomon\Desktop\pps\PPS\PlatformerGame\Point.cpp(38,7): warning C4305: 'argument': truncation from 'const long double' to 'float'
C:\Users\zomon\Desktop\pps\PPS\PlatformerGame\Point.cpp(43,7): warning C4305: 'argument': truncation from 'const long double' to 'float'
  Range.cpp
C:\Users\zomon\Desktop\pps\PPS\PlatformerGame\Shape.h(9,16): warning C4200: nonstandard extension used: zero-sized array in struct/union
C:\Users\zomon\Desktop\pps\PPS\PlatformerGame\Shape.h(9,16): message : This member will be ignored by a defaulted constructor or copy/move assignment operator
  Shape.cpp
C:\Users\zomon\Desktop\pps\PPS\PlatformerGame\Shape.h(9,16): warning C4200: nonstandard extension used: zero-sized array in struct/union
C:\Users\zomon\Desktop\pps\PPS\PlatformerGame\Shape.h(9,16): message : This member will be ignored by a defaulted constructor or copy/move assignment operator
C:\Users\zomon\Desktop\pps\PPS\PlatformerGame\Shape.cpp(26,6): warning C4305: 'argument': truncation from 'const long double' to 'float'
  Generating Code...
C:\Users\zomon\Desktop\pps\PPS\PlatformerGame\Line.cpp(77): warning C4717: 'Line::checkIntersect': recursive on all control paths, function will cause runtime stack overflow
  PlatformerGame.vcxproj -> C:\Users\zomon\Desktop\pps\PPS\PlatformerGame\Debug\PlatformerGame.exe
