sfml-graphics-s-d.lib(RenderTarget.cpp.obj) : error LNK2019: unresolved external symbol glBlendFunc referenced in function "private: void __cdecl sf::RenderTarget::applyBlendMode(struct sf::BlendMode const &)" (?applyBlendMode@RenderTarget@sf@@AEAAXAEBUBlendMode@2@@Z)
sfml-graphics-s-d.lib(RenderTarget.cpp.obj) : error LNK2019: unresolved external symbol glClear referenced in function "public: void __cdecl sf::RenderTarget::clear(class sf::Color const &)" (?clear@RenderTarget@sf@@QEAAXAEBVColor@2@@Z)
sfml-graphics-s-d.lib(RenderTarget.cpp.obj) : error LNK2019: unresolved external symbol glClearColor referenced in function "public: void __cdecl sf::RenderTarget::clear(class sf::Color const &)" (?clear@RenderTarget@sf@@QEAAXAEBVColor@2@@Z)
sfml-graphics-s-d.lib(RenderTarget.cpp.obj) : error LNK2019: unresolved external symbol glDisable referenced in function "public: void __cdecl sf::RenderTarget::resetGLStates(void)" (?resetGLStates@RenderTarget@sf@@QEAAXXZ)
sfml-graphics-s-d.lib(RenderTarget.cpp.obj) : error LNK2019: unresolved external symbol glEnable referenced in function "public: void __cdecl sf::RenderTarget::resetGLStates(void)" (?resetGLStates@RenderTarget@sf@@QEAAXXZ)
sfml-graphics-s-d.lib(RenderTarget.cpp.obj) : error LNK2019: unresolved external symbol glGetError referenced in function "public: void __cdecl sf::RenderTarget::pushGLStates(void)" (?pushGLStates@RenderTarget@sf@@QEAAXXZ)
sfml-graphics-s-d.lib(GLExtensions.cpp.obj) : error LNK2001: unresolved external symbol glGetError
sfml-graphics-s-d.lib(GLCheck.cpp.obj) : error LNK2001: unresolved external symbol glGetError
sfml-graphics-s-d.lib(RenderTarget.cpp.obj) : error LNK2019: unresolved external symbol glLoadIdentity referenced in function "public: void __cdecl sf::RenderTarget::resetGLStates(void)" (?resetGLStates@RenderTarget@sf@@QEAAXXZ)
sfml-graphics-s-d.lib(Texture.cpp.obj) : error LNK2001: unresolved external symbol glLoadIdentity
sfml-graphics-s-d.lib(RenderTarget.cpp.obj) : error LNK2019: unresolved external symbol glLoadMatrixf referenced in function "private: void __cdecl sf::RenderTarget::applyCurrentView(void)" (?applyCurrentView@RenderTarget@sf@@AEAAXXZ)
sfml-graphics-s-d.lib(Texture.cpp.obj) : error LNK2001: unresolved external symbol glLoadMatrixf
sfml-graphics-s-d.lib(RenderTarget.cpp.obj) : error LNK2019: unresolved external symbol glMatrixMode referenced in function "public: void __cdecl sf::RenderTarget::pushGLStates(void)" (?pushGLStates@RenderTarget@sf@@QEAAXXZ)
sfml-graphics-s-d.lib(Texture.cpp.obj) : error LNK2001: unresolved external symbol glMatrixMode
sfml-graphics-s-d.lib(RenderTarget.cpp.obj) : error LNK2019: unresolved external symbol glPopAttrib referenced in function "public: void __cdecl sf::RenderTarget::popGLStates(void)" (?popGLStates@RenderTarget@sf@@QEAAXXZ)
sfml-graphics-s-d.lib(RenderTarget.cpp.obj) : error LNK2019: unresolved external symbol glPopMatrix referenced in function "public: void __cdecl sf::RenderTarget::popGLStates(void)" (?popGLStates@RenderTarget@sf@@QEAAXXZ)
sfml-graphics-s-d.lib(RenderTarget.cpp.obj) : error LNK2019: unresolved external symbol glPushAttrib referenced in function "public: void __cdecl sf::RenderTarget::pushGLStates(void)" (?pushGLStates@RenderTarget@sf@@QEAAXXZ)
sfml-graphics-s-d.lib(RenderTarget.cpp.obj) : error LNK2019: unresolved external symbol glPushMatrix referenced in function "public: void __cdecl sf::RenderTarget::pushGLStates(void)" (?pushGLStates@RenderTarget@sf@@QEAAXXZ)
sfml-graphics-s-d.lib(RenderTarget.cpp.obj) : error LNK2019: unresolved external symbol glViewport referenced in function "private: void __cdecl sf::RenderTarget::applyCurrentView(void)" (?applyCurrentView@RenderTarget@sf@@AEAAXXZ)
sfml-graphics-s-d.lib(RenderTarget.cpp.obj) : error LNK2019: unresolved external symbol glColorPointer referenced in function "public: void __cdecl sf::RenderTarget::draw(class sf::Vertex const *,unsigned __int64,enum sf::PrimitiveType,class sf::RenderStates const &)" (?draw@RenderTarget@sf@@QEAAXPEBVVertex@2@_KW4PrimitiveType@2@AEBVRenderStates@2@@Z)
sfml-graphics-s-d.lib(RenderTarget.cpp.obj) : error LNK2019: unresolved external symbol glDisableClientState referenced in function "public: void __cdecl sf::RenderTarget::draw(class sf::Vertex const *,unsigned __int64,enum sf::PrimitiveType,class sf::RenderStates const &)" (?draw@RenderTarget@sf@@QEAAXPEBVVertex@2@_KW4PrimitiveType@2@AEBVRenderStates@2@@Z)
sfml-graphics-s-d.lib(RenderTarget.cpp.obj) : error LNK2019: unresolved external symbol glDrawArrays referenced in function "private: void __cdecl sf::RenderTarget::drawPrimitives(enum sf::PrimitiveType,unsigned __int64,unsigned __int64)" (?drawPrimitives@RenderTarget@sf@@AEAAXW4PrimitiveType@2@_K1@Z)
sfml-graphics-s-d.lib(RenderTarget.cpp.obj) : error LNK2019: unresolved external symbol glEnableClientState referenced in function "public: void __cdecl sf::RenderTarget::draw(class sf::Vertex const *,unsigned __int64,enum sf::PrimitiveType,class sf::RenderStates const &)" (?draw@RenderTarget@sf@@QEAAXPEBVVertex@2@_KW4PrimitiveType@2@AEBVRenderStates@2@@Z)
sfml-graphics-s-d.lib(RenderTarget.cpp.obj) : error LNK2019: unresolved external symbol glPopClientAttrib referenced in function "public: void __cdecl sf::RenderTarget::popGLStates(void)" (?popGLStates@RenderTarget@sf@@QEAAXXZ)
sfml-graphics-s-d.lib(RenderTarget.cpp.obj) : error LNK2019: unresolved external symbol glPushClientAttrib referenced in function "public: void __cdecl sf::RenderTarget::pushGLStates(void)" (?pushGLStates@RenderTarget@sf@@QEAAXXZ)
sfml-graphics-s-d.lib(RenderTarget.cpp.obj) : error LNK2019: unresolved external symbol glTexCoordPointer referenced in function "public: void __cdecl sf::RenderTarget::draw(class sf::Vertex const *,unsigned __int64,enum sf::PrimitiveType,class sf::RenderStates const &)" (?draw@RenderTarget@sf@@QEAAXPEBVVertex@2@_KW4PrimitiveType@2@AEBVRenderStates@2@@Z)
sfml-graphics-s-d.lib(RenderTarget.cpp.obj) : error LNK2019: unresolved external symbol glVertexPointer referenced in function "public: void __cdecl sf::RenderTarget::draw(class sf::Vertex const *,unsigned __int64,enum sf::PrimitiveType,class sf::RenderStates const &)" (?draw@RenderTarget@sf@@QEAAXPEBVVertex@2@_KW4PrimitiveType@2@AEBVRenderStates@2@@Z)
sfml-graphics-s-d.lib(Texture.cpp.obj) : error LNK2019: unresolved external symbol glFlush referenced in function "public: __cdecl sf::Texture::Texture(class sf::Texture const &)" (??0Texture@sf@@QEAA@AEBV01@@Z)
sfml-graphics-s-d.lib(Shader.cpp.obj) : error LNK2001: unresolved external symbol glFlush
sfml-graphics-s-d.lib(TextureSaver.cpp.obj) : error LNK2001: unresolved external symbol glGetIntegerv
sfml-graphics-s-d.lib(Texture.cpp.obj) : error LNK2001: unresolved external symbol glGetIntegerv
sfml-graphics-s-d.lib(Shader.cpp.obj) : error LNK2001: unresolved external symbol glGetIntegerv
sfml-graphics-s-d.lib(GLExtensions.cpp.obj) : error LNK2001: unresolved external symbol glGetIntegerv
sfml-graphics-s-d.lib(RenderTextureImplFBO.cpp.obj) : error LNK2001: unresolved external symbol glGetIntegerv
sfml-graphics-s-d.lib(Texture.cpp.obj) : error LNK2019: unresolved external symbol glGetTexImage referenced in function "public: class sf::Image __cdecl sf::Texture::copyToImage(void)const " (?copyToImage@Texture@sf@@QEBA?AVImage@2@XZ)
sfml-graphics-s-d.lib(Texture.cpp.obj) : error LNK2019: unresolved external symbol glTexImage2D referenced in function "public: bool __cdecl sf::Texture::create(unsigned int,unsigned int)" (?create@Texture@sf@@QEAA_NII@Z)
sfml-graphics-s-d.lib(Texture.cpp.obj) : error LNK2019: unresolved external symbol glTexParameteri referenced in function "public: bool __cdecl sf::Texture::create(unsigned int,unsigned int)" (?create@Texture@sf@@QEAA_NII@Z)
sfml-graphics-s-d.lib(Texture.cpp.obj) : error LNK2019: unresolved external symbol glBindTexture referenced in function "public: bool __cdecl sf::Texture::create(unsigned int,unsigned int)" (?create@Texture@sf@@QEAA_NII@Z)
sfml-graphics-s-d.lib(TextureSaver.cpp.obj) : error LNK2001: unresolved external symbol glBindTexture
sfml-graphics-s-d.lib(Texture.cpp.obj) : error LNK2019: unresolved external symbol glCopyTexSubImage2D referenced in function "public: void __cdecl sf::Texture::update(class sf::Window const &,unsigned int,unsigned int)" (?update@Texture@sf@@QEAAXAEBVWindow@2@II@Z)
sfml-graphics-s-d.lib(Texture.cpp.obj) : error LNK2019: unresolved external symbol glDeleteTextures referenced in function "public: __cdecl sf::Texture::~Texture(void)" (??1Texture@sf@@QEAA@XZ)
sfml-graphics-s-d.lib(Texture.cpp.obj) : error LNK2019: unresolved external symbol glGenTextures referenced in function "public: bool __cdecl sf::Texture::create(unsigned int,unsigned int)" (?create@Texture@sf@@QEAA_NII@Z)
sfml-graphics-s-d.lib(Texture.cpp.obj) : error LNK2019: unresolved external symbol glTexSubImage2D referenced in function "public: bool __cdecl sf::Texture::loadFromImage(class sf::Image const &,class sf::Rect<int> const &)" (?loadFromImage@Texture@sf@@QEAA_NAEBVImage@2@AEBV?$Rect@H@2@@Z)
sfml-graphics-s-d.lib(GLExtensions.cpp.obj) : error LNK2019: unresolved external symbol glGetString referenced in function "void __cdecl sf::priv::ensureExtensionsInit(void)" (?ensureExtensionsInit@priv@sf@@YAXXZ)
sfml-window-s-d.lib(InputImpl.cpp.obj) : error LNK2019: unresolved external symbol __imp_GetAsyncKeyState referenced in function "public: static bool __cdecl sf::priv::InputImpl::isKeyPressed(enum sf::Keyboard::Key)" (?isKeyPressed@InputImpl@priv@sf@@SA_NW4Key@Keyboard@3@@Z)
sfml-window-s-d.lib(InputImpl.cpp.obj) : error LNK2019: unresolved external symbol __imp_GetSystemMetrics referenced in function "public: static bool __cdecl sf::priv::InputImpl::isMouseButtonPressed(enum sf::Mouse::Button)" (?isMouseButtonPressed@InputImpl@priv@sf@@SA_NW4Button@Mouse@3@@Z)
sfml-window-s-d.lib(InputImpl.cpp.obj) : error LNK2019: unresolved external symbol __imp_SetCursorPos referenced in function "public: static void __cdecl sf::priv::InputImpl::setMousePosition(class sf::Vector2<int> const &)" (?setMousePosition@InputImpl@priv@sf@@SAXAEBV?$Vector2@H@3@@Z)
sfml-window-s-d.lib(InputImpl.cpp.obj) : error LNK2019: unresolved external symbol __imp_GetCursorPos referenced in function "public: static class sf::Vector2<int> __cdecl sf::priv::InputImpl::getMousePosition(void)" (?getMousePosition@InputImpl@priv@sf@@SA?AV?$Vector2@H@3@XZ)
sfml-window-s-d.lib(InputImpl.cpp.obj) : error LNK2019: unresolved external symbol __imp_ClientToScreen referenced in function "public: static void __cdecl sf::priv::InputImpl::setMousePosition(class sf::Vector2<int> const &,class sf::Window const &)" (?setMousePosition@InputImpl@priv@sf@@SAXAEBV?$Vector2@H@3@AEBVWindow@3@@Z)
sfml-window-s-d.lib(InputImpl.cpp.obj) : error LNK2019: unresolved external symbol __imp_ScreenToClient referenced in function "public: static class sf::Vector2<int> __cdecl sf::priv::InputImpl::getMousePosition(class sf::Window const &)" (?getMousePosition@InputImpl@priv@sf@@SA?AV?$Vector2@H@3@AEBVWindow@3@@Z)
sfml-window-s-d.lib(WindowImplWin32.cpp.obj) : error LNK2001: unresolved external symbol __imp_ScreenToClient
sfml-window-s-d.lib(VideoModeImpl.cpp.obj) : error LNK2019: unresolved external symbol __imp_EnumDisplaySettingsW referenced in function "public: static class std::vector<class sf::VideoMode,class std::allocator<class sf::VideoMode> > __cdecl sf::priv::VideoModeImpl::getFullscreenModes(void)" (?getFullscreenModes@VideoModeImpl@priv@sf@@SA?AV?$vector@VVideoMode@sf@@V?$allocator@VVideoMode@sf@@@std@@@std@@XZ)
sfml-window-s-d.lib(GlContext.cpp.obj) : error LNK2019: unresolved external symbol __imp_glEnable referenced in function "private: void __cdecl sf::priv::GlContext::initialize(struct sf::ContextSettings const &)" (?initialize@GlContext@priv@sf@@AEAAXAEBUContextSettings@3@@Z)
sfml-window-s-d.lib(GlContext.cpp.obj) : error LNK2019: unresolved external symbol __imp_glGetError referenced in function "public: static void __cdecl sf::priv::GlContext::initResource(void)" (?initResource@GlContext@priv@sf@@SAXXZ)
sfml-window-s-d.lib(GlContext.cpp.obj) : error LNK2019: unresolved external symbol __imp_glGetIntegerv referenced in function "public: static void __cdecl sf::priv::GlContext::initResource(void)" (?initResource@GlContext@priv@sf@@SAXXZ)
sfml-window-s-d.lib(GlContext.cpp.obj) : error LNK2019: unresolved external symbol __imp_glGetString referenced in function "public: static void __cdecl sf::priv::GlContext::initResource(void)" (?initResource@GlContext@priv@sf@@SAXXZ)
sfml-window-s-d.lib(GlContext.cpp.obj) : error LNK2019: unresolved external symbol __imp_glIsEnabled referenced in function "private: void __cdecl sf::priv::GlContext::initialize(struct sf::ContextSettings const &)" (?initialize@GlContext@priv@sf@@AEAAXAEBUContextSettings@3@@Z)
sfml-window-s-d.lib(CursorImpl.cpp.obj) : error LNK2019: unresolved external symbol __imp_CreateBitmap referenced in function "public: bool __cdecl sf::priv::CursorImpl::loadFromPixels(unsigned char const *,class sf::Vector2<unsigned int>,class sf::Vector2<unsigned int>)" (?loadFromPixels@CursorImpl@priv@sf@@QEAA_NPEBEV?$Vector2@I@3@1@Z)
sfml-window-s-d.lib(CursorImpl.cpp.obj) : error LNK2019: unresolved external symbol __imp_DeleteObject referenced in function "public: bool __cdecl sf::priv::CursorImpl::loadFromPixels(unsigned char const *,class sf::Vector2<unsigned int>,class sf::Vector2<unsigned int>)" (?loadFromPixels@CursorImpl@priv@sf@@QEAA_NPEBEV?$Vector2@I@3@1@Z)
sfml-window-s-d.lib(CursorImpl.cpp.obj) : error LNK2019: unresolved external symbol __imp_CreateDIBSection referenced in function "public: bool __cdecl sf::priv::CursorImpl::loadFromPixels(unsigned char const *,class sf::Vector2<unsigned int>,class sf::Vector2<unsigned int>)" (?loadFromPixels@CursorImpl@priv@sf@@QEAA_NPEBEV?$Vector2@I@3@1@Z)
sfml-window-s-d.lib(CursorImpl.cpp.obj) : error LNK2019: unresolved external symbol __imp_GetDC referenced in function "public: bool __cdecl sf::priv::CursorImpl::loadFromPixels(unsigned char const *,class sf::Vector2<unsigned int>,class sf::Vector2<unsigned int>)" (?loadFromPixels@CursorImpl@priv@sf@@QEAA_NPEBEV?$Vector2@I@3@1@Z)
sfml-window-s-d.lib(WglContext.cpp.obj) : error LNK2001: unresolved external symbol __imp_GetDC
sfml-window-s-d.lib(WindowImplWin32.cpp.obj) : error LNK2001: unresolved external symbol __imp_GetDC
sfml-window-s-d.lib(CursorImpl.cpp.obj) : error LNK2019: unresolved external symbol __imp_ReleaseDC referenced in function "public: bool __cdecl sf::priv::CursorImpl::loadFromPixels(unsigned char const *,class sf::Vector2<unsigned int>,class sf::Vector2<unsigned int>)" (?loadFromPixels@CursorImpl@priv@sf@@QEAA_NPEBEV?$Vector2@I@3@1@Z)
sfml-window-s-d.lib(WglContext.cpp.obj) : error LNK2001: unresolved external symbol __imp_ReleaseDC
sfml-window-s-d.lib(WindowImplWin32.cpp.obj) : error LNK2001: unresolved external symbol __imp_ReleaseDC
sfml-window-s-d.lib(CursorImpl.cpp.obj) : error LNK2019: unresolved external symbol __imp_LoadCursorW referenced in function "public: bool __cdecl sf::priv::CursorImpl::loadFromSystem(enum sf::Cursor::Type)" (?loadFromSystem@CursorImpl@priv@sf@@QEAA_NW4Type@Cursor@3@@Z)
sfml-window-s-d.lib(WindowImplWin32.cpp.obj) : error LNK2001: unresolved external symbol __imp_LoadCursorW
sfml-window-s-d.lib(CursorImpl.cpp.obj) : error LNK2019: unresolved external symbol __imp_DestroyCursor referenced in function "private: void __cdecl sf::priv::CursorImpl::release(void)" (?release@CursorImpl@priv@sf@@AEAAXXZ)
sfml-window-s-d.lib(CursorImpl.cpp.obj) : error LNK2019: unresolved external symbol __imp_CreateIconIndirect referenced in function "public: bool __cdecl sf::priv::CursorImpl::loadFromPixels(unsigned char const *,class sf::Vector2<unsigned int>,class sf::Vector2<unsigned int>)" (?loadFromPixels@CursorImpl@priv@sf@@QEAA_NPEBEV?$Vector2@I@3@1@Z)
sfml-window-s-d.lib(CursorImpl.cpp.obj) : error LNK2019: unresolved external symbol __imp_CopyIcon referenced in function "public: bool __cdecl sf::priv::CursorImpl::loadFromSystem(enum sf::Cursor::Type)" (?loadFromSystem@CursorImpl@priv@sf@@QEAA_NW4Type@Cursor@3@@Z)
sfml-window-s-d.lib(WglContext.cpp.obj) : error LNK2019: unresolved external symbol __imp_ChoosePixelFormat referenced in function "public: static int __cdecl sf::priv::WglContext::selectBestPixelFormat(struct HDC__ *,unsigned int,struct sf::ContextSettings const &,bool)" (?selectBestPixelFormat@WglContext@priv@sf@@SAHPEAUHDC__@@IAEBUContextSettings@3@_N@Z)
sfml-window-s-d.lib(WglContext.cpp.obj) : error LNK2019: unresolved external symbol __imp_DescribePixelFormat referenced in function "private: void __cdecl sf::priv::WglContext::setDevicePixelFormat(unsigned int)" (?setDevicePixelFormat@WglContext@priv@sf@@AEAAXI@Z)
sfml-window-s-d.lib(WglContext.cpp.obj) : error LNK2019: unresolved external symbol __imp_GetPixelFormat referenced in function "private: void __cdecl sf::priv::WglContext::updateSettingsFromPixelFormat(void)" (?updateSettingsFromPixelFormat@WglContext@priv@sf@@AEAAXXZ)
sfml-window-s-d.lib(WglContext.cpp.obj) : error LNK2019: unresolved external symbol __imp_SetPixelFormat referenced in function "private: void __cdecl sf::priv::WglContext::setDevicePixelFormat(unsigned int)" (?setDevicePixelFormat@WglContext@priv@sf@@AEAAXI@Z)
sfml-window-s-d.lib(WglContext.cpp.obj) : error LNK2019: unresolved external symbol __imp_wglCreateContext referenced in function "private: void __cdecl sf::priv::WglContext::createContext(class sf::priv::WglContext *)" (?createContext@WglContext@priv@sf@@AEAAXPEAV123@@Z)
sfml-window-s-d.lib(WglContext.cpp.obj) : error LNK2019: unresolved external symbol __imp_wglDeleteContext referenced in function "public: virtual __cdecl sf::priv::WglContext::~WglContext(void)" (??1WglContext@priv@sf@@UEAA@XZ)
sfml-window-s-d.lib(WglContext.cpp.obj) : error LNK2019: unresolved external symbol __imp_wglGetProcAddress referenced in function "public: static void (__cdecl*__cdecl sf::priv::WglContext::getFunction(char const *))(void)" (?getFunction@WglContext@priv@sf@@SAP6AXXZPEBD@Z)
sfml-window-s-d.lib(WglContext.cpp.obj) : error LNK2019: unresolved external symbol __imp_wglMakeCurrent referenced in function "public: virtual __cdecl sf::priv::WglContext::~WglContext(void)" (??1WglContext@priv@sf@@UEAA@XZ)
sfml-window-s-d.lib(WglContext.cpp.obj) : error LNK2019: unresolved external symbol __imp_wglShareLists referenced in function "private: void __cdecl sf::priv::WglContext::createContext(class sf::priv::WglContext *)" (?createContext@WglContext@priv@sf@@AEAAXPEAV123@@Z)
sfml-window-s-d.lib(WglContext.cpp.obj) : error LNK2019: unresolved external symbol __imp_SwapBuffers referenced in function "public: virtual void __cdecl sf::priv::WglContext::display(void)" (?display@WglContext@priv@sf@@UEAAXXZ)
sfml-window-s-d.lib(WglContext.cpp.obj) : error LNK2019: unresolved external symbol __imp_CreateWindowExA referenced in function "private: void __cdecl sf::priv::WglContext::createSurface(class sf::priv::WglContext *,unsigned int,unsigned int,unsigned int)" (?createSurface@WglContext@priv@sf@@AEAAXPEAV123@III@Z)
sfml-window-s-d.lib(WglContext.cpp.obj) : error LNK2019: unresolved external symbol __imp_DestroyWindow referenced in function "public: virtual __cdecl sf::priv::WglContext::~WglContext(void)" (??1WglContext@priv@sf@@UEAA@XZ)
sfml-window-s-d.lib(WindowImplWin32.cpp.obj) : error LNK2001: unresolved external symbol __imp_DestroyWindow
sfml-window-s-d.lib(WglContext.cpp.obj) : error LNK2019: unresolved external symbol __imp_ShowWindow referenced in function "private: void __cdecl sf::priv::WglContext::createSurface(class sf::priv::WglContext *,unsigned int,unsigned int,unsigned int)" (?createSurface@WglContext@priv@sf@@AEAAXPEAV123@III@Z)
sfml-window-s-d.lib(WindowImplWin32.cpp.obj) : error LNK2001: unresolved external symbol __imp_ShowWindow
sfml-window-s-d.lib(WindowImplWin32.cpp.obj) : error LNK2019: unresolved external symbol __imp_GetDeviceCaps referenced in function "public: __cdecl sf::priv::WindowImplWin32::WindowImplWin32(class sf::VideoMode,class sf::String const &,unsigned int,struct sf::ContextSettings const &)" (??0WindowImplWin32@priv@sf@@QEAA@VVideoMode@2@AEBVString@2@IAEBUContextSettings@2@@Z)
sfml-window-s-d.lib(WindowImplWin32.cpp.obj) : error LNK2019: unresolved external symbol __imp_TrackMouseEvent referenced in function "private: void __cdecl sf::priv::WindowImplWin32::setTracking(bool)" (?setTracking@WindowImplWin32@priv@sf@@AEAAX_N@Z)
sfml-window-s-d.lib(WindowImplWin32.cpp.obj) : error LNK2019: unresolved external symbol __imp_TranslateMessage referenced in function "protected: virtual void __cdecl sf::priv::WindowImplWin32::processEvents(void)" (?processEvents@WindowImplWin32@priv@sf@@MEAAXXZ)
sfml-window-s-d.lib(WindowImplWin32.cpp.obj) : error LNK2019: unresolved external symbol __imp_DispatchMessageW referenced in function "protected: virtual void __cdecl sf::priv::WindowImplWin32::processEvents(void)" (?processEvents@WindowImplWin32@priv@sf@@MEAAXXZ)
sfml-window-s-d.lib(WindowImplWin32.cpp.obj) : error LNK2019: unresolved external symbol __imp_PeekMessageW referenced in function "protected: virtual void __cdecl sf::priv::WindowImplWin32::processEvents(void)" (?processEvents@WindowImplWin32@priv@sf@@MEAAXXZ)
sfml-window-s-d.lib(WindowImplWin32.cpp.obj) : error LNK2019: unresolved external symbol __imp_SendMessageW referenced in function "public: virtual void __cdecl sf::priv::WindowImplWin32::setIcon(unsigned int,unsigned int,unsigned char const *)" (?setIcon@WindowImplWin32@priv@sf@@UEAAXIIPEBE@Z)
sfml-window-s-d.lib(WindowImplWin32.cpp.obj) : error LNK2019: unresolved external symbol __imp_RegisterDeviceNotificationW referenced in function "public: __cdecl sf::priv::WindowImplWin32::WindowImplWin32(class sf::VideoMode,class sf::String const &,unsigned int,struct sf::ContextSettings const &)" (??0WindowImplWin32@priv@sf@@QEAA@VVideoMode@2@AEBVString@2@IAEBUContextSettings@2@@Z)
sfml-window-s-d.lib(WindowImplWin32.cpp.obj) : error LNK2019: unresolved external symbol __imp_DefWindowProcW referenced in function "private: static __int64 __cdecl sf::priv::WindowImplWin32::globalOnEvent(struct HWND__ *,unsigned int,unsigned __int64,__int64)" (?globalOnEvent@WindowImplWin32@priv@sf@@CA_JPEAUHWND__@@I_K_J@Z)
sfml-window-s-d.lib(WindowImplWin32.cpp.obj) : error LNK2019: unresolved external symbol __imp_CallWindowProcW referenced in function "private: static __int64 __cdecl sf::priv::WindowImplWin32::globalOnEvent(struct HWND__ *,unsigned int,unsigned __int64,__int64)" (?globalOnEvent@WindowImplWin32@priv@sf@@CA_JPEAUHWND__@@I_K_J@Z)
sfml-window-s-d.lib(WindowImplWin32.cpp.obj) : error LNK2019: unresolved external symbol __imp_RegisterClassW referenced in function "private: void __cdecl sf::priv::WindowImplWin32::registerWindowClass(void)" (?registerWindowClass@WindowImplWin32@priv@sf@@AEAAXXZ)
sfml-window-s-d.lib(WindowImplWin32.cpp.obj) : error LNK2019: unresolved external symbol __imp_UnregisterClassW referenced in function "public: virtual __cdecl sf::priv::WindowImplWin32::~WindowImplWin32(void)" (??1WindowImplWin32@priv@sf@@UEAA@XZ)
sfml-window-s-d.lib(WindowImplWin32.cpp.obj) : error LNK2019: unresolved external symbol __imp_CreateWindowExW referenced in function "public: __cdecl sf::priv::WindowImplWin32::WindowImplWin32(class sf::VideoMode,class sf::String const &,unsigned int,struct sf::ContextSettings const &)" (??0WindowImplWin32@priv@sf@@QEAA@VVideoMode@2@AEBVString@2@IAEBUContextSettings@2@@Z)
sfml-window-s-d.lib(WindowImplWin32.cpp.obj) : error LNK2019: unresolved external symbol __imp_FlashWindowEx referenced in function "public: virtual void __cdecl sf::priv::WindowImplWin32::requestFocus(void)" (?requestFocus@WindowImplWin32@priv@sf@@UEAAXXZ)
sfml-window-s-d.lib(WindowImplWin32.cpp.obj) : error LNK2019: unresolved external symbol __imp_SetWindowPos referenced in function "public: virtual void __cdecl sf::priv::WindowImplWin32::setPosition(class sf::Vector2<int> const &)" (?setPosition@WindowImplWin32@priv@sf@@UEAAXAEBV?$Vector2@H@3@@Z)
sfml-window-s-d.lib(WindowImplWin32.cpp.obj) : error LNK2019: unresolved external symbol __imp_GetKeyState referenced in function "private: void __cdecl sf::priv::WindowImplWin32::processEvent(unsigned int,unsigned __int64,__int64)" (?processEvent@WindowImplWin32@priv@sf@@AEAAXI_K_J@Z)
sfml-window-s-d.lib(WindowImplWin32.cpp.obj) : error LNK2019: unresolved external symbol __imp_MapVirtualKeyW referenced in function "private: static enum sf::Keyboard::Key __cdecl sf::priv::WindowImplWin32::virtualKeyCodeToSF(unsigned __int64,__int64)" (?virtualKeyCodeToSF@WindowImplWin32@priv@sf@@CA?AW4Key@Keyboard@3@_K_J@Z)
sfml-window-s-d.lib(WindowImplWin32.cpp.obj) : error LNK2019: unresolved external symbol __imp_GetCapture referenced in function "private: void __cdecl sf::priv::WindowImplWin32::processEvent(unsigned int,unsigned __int64,__int64)" (?processEvent@WindowImplWin32@priv@sf@@AEAAXI_K_J@Z)
sfml-window-s-d.lib(WindowImplWin32.cpp.obj) : error LNK2019: unresolved external symbol __imp_SetCapture referenced in function "private: void __cdecl sf::priv::WindowImplWin32::processEvent(unsigned int,unsigned __int64,__int64)" (?processEvent@WindowImplWin32@priv@sf@@AEAAXI_K_J@Z)
sfml-window-s-d.lib(WindowImplWin32.cpp.obj) : error LNK2019: unresolved external symbol __imp_ReleaseCapture referenced in function "private: void __cdecl sf::priv::WindowImplWin32::cleanup(void)" (?cleanup@WindowImplWin32@priv@sf@@AEAAXXZ)
sfml-window-s-d.lib(WindowImplWin32.cpp.obj) : error LNK2019: unresolved external symbol __imp_GetForegroundWindow referenced in function "public: virtual void __cdecl sf::priv::WindowImplWin32::requestFocus(void)" (?requestFocus@WindowImplWin32@priv@sf@@UEAAXXZ)
sfml-window-s-d.lib(WindowImplWin32.cpp.obj) : error LNK2019: unresolved external symbol __imp_SetForegroundWindow referenced in function "public: virtual void __cdecl sf::priv::WindowImplWin32::requestFocus(void)" (?requestFocus@WindowImplWin32@priv@sf@@UEAAXXZ)
sfml-window-s-d.lib(WindowImplWin32.cpp.obj) : error LNK2019: unresolved external symbol __imp_SetWindowTextW referenced in function "public: virtual void __cdecl sf::priv::WindowImplWin32::setTitle(class sf::String const &)" (?setTitle@WindowImplWin32@priv@sf@@UEAAXAEBVString@3@@Z)
sfml-window-s-d.lib(WindowImplWin32.cpp.obj) : error LNK2019: unresolved external symbol __imp_GetClientRect referenced in function "public: virtual class sf::Vector2<unsigned int> __cdecl sf::priv::WindowImplWin32::getSize(void)const " (?getSize@WindowImplWin32@priv@sf@@UEBA?AV?$Vector2@I@3@XZ)
sfml-window-s-d.lib(WindowImplWin32.cpp.obj) : error LNK2019: unresolved external symbol __imp_GetWindowRect referenced in function "public: virtual class sf::Vector2<int> __cdecl sf::priv::WindowImplWin32::getPosition(void)const " (?getPosition@WindowImplWin32@priv@sf@@UEBA?AV?$Vector2@H@3@XZ)
sfml-window-s-d.lib(WindowImplWin32.cpp.obj) : error LNK2019: unresolved external symbol __imp_AdjustWindowRect referenced in function "public: __cdecl sf::priv::WindowImplWin32::WindowImplWin32(class sf::VideoMode,class sf::String const &,unsigned int,struct sf::ContextSettings const &)" (??0WindowImplWin32@priv@sf@@QEAA@VVideoMode@2@AEBVString@2@IAEBUContextSettings@2@@Z)
sfml-window-s-d.lib(WindowImplWin32.cpp.obj) : error LNK2019: unresolved external symbol __imp_ShowCursor referenced in function "public: virtual void __cdecl sf::priv::WindowImplWin32::setMouseCursorVisible(bool)" (?setMouseCursorVisible@WindowImplWin32@priv@sf@@UEAAX_N@Z)
sfml-window-s-d.lib(WindowImplWin32.cpp.obj) : error LNK2019: unresolved external symbol __imp_SetCursor referenced in function "public: virtual void __cdecl sf::priv::WindowImplWin32::setMouseCursor(class sf::priv::CursorImpl const &)" (?setMouseCursor@WindowImplWin32@priv@sf@@UEAAXAEBVCursorImpl@23@@Z)
sfml-window-s-d.lib(WindowImplWin32.cpp.obj) : error LNK2019: unresolved external symbol __imp_MapWindowPoints referenced in function "private: void __cdecl sf::priv::WindowImplWin32::grabCursor(bool)" (?grabCursor@WindowImplWin32@priv@sf@@AEAAX_N@Z)
sfml-window-s-d.lib(WindowImplWin32.cpp.obj) : error LNK2019: unresolved external symbol __imp_ClipCursor referenced in function "private: void __cdecl sf::priv::WindowImplWin32::grabCursor(bool)" (?grabCursor@WindowImplWin32@priv@sf@@AEAAX_N@Z)
sfml-window-s-d.lib(WindowImplWin32.cpp.obj) : error LNK2019: unresolved external symbol __imp_GetWindowLongW referenced in function "public: virtual void __cdecl sf::priv::WindowImplWin32::setSize(class sf::Vector2<unsigned int> const &)" (?setSize@WindowImplWin32@priv@sf@@UEAAXAEBV?$Vector2@I@3@@Z)
sfml-window-s-d.lib(WindowImplWin32.cpp.obj) : error LNK2019: unresolved external symbol __imp_SetWindowLongW referenced in function "private: void __cdecl sf::priv::WindowImplWin32::switchToFullscreen(class sf::VideoMode const &)" (?switchToFullscreen@WindowImplWin32@priv@sf@@AEAAXAEBVVideoMode@3@@Z)
sfml-window-s-d.lib(WindowImplWin32.cpp.obj) : error LNK2019: unresolved external symbol __imp_GetWindowLongPtrW referenced in function "private: static __int64 __cdecl sf::priv::WindowImplWin32::globalOnEvent(struct HWND__ *,unsigned int,unsigned __int64,__int64)" (?globalOnEvent@WindowImplWin32@priv@sf@@CA_JPEAUHWND__@@I_K_J@Z)
sfml-window-s-d.lib(WindowImplWin32.cpp.obj) : error LNK2019: unresolved external symbol __imp_SetWindowLongPtrW referenced in function "public: __cdecl sf::priv::WindowImplWin32::WindowImplWin32(struct HWND__ *)" (??0WindowImplWin32@priv@sf@@QEAA@PEAUHWND__@@@Z)
sfml-window-s-d.lib(WindowImplWin32.cpp.obj) : error LNK2019: unresolved external symbol __imp_GetWindowThreadProcessId referenced in function "public: virtual void __cdecl sf::priv::WindowImplWin32::requestFocus(void)" (?requestFocus@WindowImplWin32@priv@sf@@UEAAXXZ)
sfml-window-s-d.lib(WindowImplWin32.cpp.obj) : error LNK2019: unresolved external symbol __imp_CreateIcon referenced in function "public: virtual void __cdecl sf::priv::WindowImplWin32::setIcon(unsigned int,unsigned int,unsigned char const *)" (?setIcon@WindowImplWin32@priv@sf@@UEAAXIIPEBE@Z)
sfml-window-s-d.lib(WindowImplWin32.cpp.obj) : error LNK2019: unresolved external symbol __imp_DestroyIcon referenced in function "public: virtual __cdecl sf::priv::WindowImplWin32::~WindowImplWin32(void)" (??1WindowImplWin32@priv@sf@@UEAA@XZ)
sfml-window-s-d.lib(WindowImplWin32.cpp.obj) : error LNK2019: unresolved external symbol __imp_ChangeDisplaySettingsW referenced in function "private: void __cdecl sf::priv::WindowImplWin32::switchToFullscreen(class sf::VideoMode const &)" (?switchToFullscreen@WindowImplWin32@priv@sf@@AEAAXAEBVVideoMode@3@@Z)
sfml-window-s-d.lib(JoystickImpl.cpp.obj) : error LNK2019: unresolved external symbol __imp_RegCloseKey referenced in function "class sf::String __cdecl `anonymous namespace'::getDeviceName(unsigned int,struct tagJOYCAPSW)" (?getDeviceName@?A0x8939b4a8@@YA?AVString@sf@@IUtagJOYCAPSW@@@Z)
sfml-window-s-d.lib(JoystickImpl.cpp.obj) : error LNK2019: unresolved external symbol __imp_RegOpenKeyExW referenced in function "class sf::String __cdecl `anonymous namespace'::getDeviceName(unsigned int,struct tagJOYCAPSW)" (?getDeviceName@?A0x8939b4a8@@YA?AVString@sf@@IUtagJOYCAPSW@@@Z)
sfml-window-s-d.lib(JoystickImpl.cpp.obj) : error LNK2019: unresolved external symbol __imp_RegQueryValueExW referenced in function "class sf::String __cdecl `anonymous namespace'::getDeviceName(unsigned int,struct tagJOYCAPSW)" (?getDeviceName@?A0x8939b4a8@@YA?AVString@sf@@IUtagJOYCAPSW@@@Z)
sfml-window-s-d.lib(JoystickImpl.cpp.obj) : error LNK2019: unresolved external symbol __imp_joyGetPosEx referenced in function "public: static bool __cdecl sf::priv::JoystickImpl::isConnected(unsigned int)" (?isConnected@JoystickImpl@priv@sf@@SA_NI@Z)
sfml-window-s-d.lib(JoystickImpl.cpp.obj) : error LNK2019: unresolved external symbol __imp_joyGetDevCapsW referenced in function "public: bool __cdecl sf::priv::JoystickImpl::open(unsigned int)" (?open@JoystickImpl@priv@sf@@QEAA_NI@Z)
sfml-system-s-d.lib(SleepImpl.cpp.obj) : error LNK2019: unresolved external symbol __imp_timeGetDevCaps referenced in function "void __cdecl sf::priv::sleepImpl(class sf::Time)" (?sleepImpl@priv@sf@@YAXVTime@2@@Z)
sfml-system-s-d.lib(SleepImpl.cpp.obj) : error LNK2019: unresolved external symbol __imp_timeBeginPeriod referenced in function "void __cdecl sf::priv::sleepImpl(class sf::Time)" (?sleepImpl@priv@sf@@YAXVTime@2@@Z)
sfml-system-s-d.lib(SleepImpl.cpp.obj) : error LNK2019: unresolved external symbol __imp_timeEndPeriod referenced in function "void __cdecl sf::priv::sleepImpl(class sf::Time)" (?sleepImpl@priv@sf@@YAXVTime@2@@Z)
C:\Users\zomon\Desktop\pps\PPS\PlatformerGame\x64\Debug\PlatformerGame.exe : fatal error LNK1120: 112 unresolved externals
