c:\users\zomon\desktop\pps\pps\platformergame\x64\debug\vc142.pdb
c:\users\zomon\desktop\pps\pps\platformergame\x64\debug\vc142.idb
c:\users\zomon\desktop\pps\pps\platformergame\x64\debug\shape.obj
c:\users\zomon\desktop\pps\pps\platformergame\x64\debug\range.obj
c:\users\zomon\desktop\pps\pps\platformergame\x64\debug\point.obj
c:\users\zomon\desktop\pps\pps\platformergame\x64\debug\main.obj
c:\users\zomon\desktop\pps\pps\platformergame\x64\debug\line.obj
c:\users\zomon\desktop\pps\pps\platformergame\x64\debug\item.obj
c:\users\zomon\desktop\pps\pps\platformergame\x64\debug\inventorynode.obj
c:\users\zomon\desktop\pps\pps\platformergame\x64\debug\inventory.obj
c:\users\zomon\desktop\pps\pps\platformergame\x64\debug\fpsraycast.obj
c:\users\zomon\desktop\pps\pps\platformergame\x64\debug\platformergame.pdb
c:\users\zomon\desktop\pps\pps\platformergame\x64\debug\platformergame.tlog\cl.command.1.tlog
c:\users\zomon\desktop\pps\pps\platformergame\x64\debug\platformergame.tlog\cl.read.1.tlog
c:\users\zomon\desktop\pps\pps\platformergame\x64\debug\platformergame.tlog\cl.write.1.tlog
c:\users\zomon\desktop\pps\pps\platformergame\x64\debug\platformergame.tlog\link-cvtres.read.1.tlog
c:\users\zomon\desktop\pps\pps\platformergame\x64\debug\platformergame.tlog\link-cvtres.write.1.tlog
c:\users\zomon\desktop\pps\pps\platformergame\x64\debug\platformergame.tlog\link-rc.read.1.tlog
c:\users\zomon\desktop\pps\pps\platformergame\x64\debug\platformergame.tlog\link-rc.write.1.tlog
c:\users\zomon\desktop\pps\pps\platformergame\x64\debug\platformergame.tlog\link.command.1.tlog
c:\users\zomon\desktop\pps\pps\platformergame\x64\debug\platformergame.tlog\link.read.1.tlog
c:\users\zomon\desktop\pps\pps\platformergame\x64\debug\platformergame.tlog\link.write.1.tlog
